<?xml version="1.0" encoding="UTF-8"?>
<testng-results total="2" passed="2" failed="0" skipped="0">
  <reporter-output>
  </reporter-output>
  <suite started-at="2022-10-09T20:34:12Z" name="Suite" finished-at="2022-10-09T20:34:32Z" duration-ms="20474">
    <groups>
    </groups>
    <test started-at="2022-10-09T20:34:12Z" name="Test" finished-at="2022-10-09T20:34:32Z" duration-ms="20474">
      <class name="testsCases.ExecuteTestZaleniumFirefox2">
        <test-method signature="test2()[pri:0, instance:testsCases.ExecuteTestZaleniumFirefox2@1672fe87]" started-at="2022-10-09T21:34:12Z" name="test2" finished-at="2022-10-09T21:34:27Z" duration-ms="15498" status="PASS">
          <reporter-output>
          </reporter-output>
        </test-method> <!-- test2 -->
      </class> <!-- testsCases.ExecuteTestZaleniumFirefox2 -->
      <class name="testsCases.ExecuteTestZaleniumFirefox1">
        <test-method signature="test1()[pri:0, instance:testsCases.ExecuteTestZaleniumFirefox1@40317ba2]" started-at="2022-10-09T21:34:12Z" name="test1" finished-at="2022-10-09T21:34:32Z" duration-ms="20455" status="PASS">
          <reporter-output>
          </reporter-output>
        </test-method> <!-- test1 -->
      </class> <!-- testsCases.ExecuteTestZaleniumFirefox1 -->
    </test> <!-- Test -->
  </suite> <!-- Suite -->
</testng-results>
